[debug] [2019-11-14T06:07:58.291Z] ----------------------------------------------------------------------
[debug] [2019-11-14T06:07:58.293Z] Command:       /usr/local/Cellar/node/12.12.0/bin/node /usr/local/bin/firebase init
[debug] [2019-11-14T06:07:58.293Z] CLI Version:   7.7.0
[debug] [2019-11-14T06:07:58.293Z] Platform:      darwin
[debug] [2019-11-14T06:07:58.293Z] Node Version:  v12.12.0
[debug] [2019-11-14T06:07:58.294Z] Time:          Thu Nov 14 2019 19:07:58 GMT+1300 (New Zealand Daylight Time)
[debug] [2019-11-14T06:07:58.294Z] ----------------------------------------------------------------------
[debug] [2019-11-14T06:07:58.294Z] 
[debug] [2019-11-14T06:07:58.302Z] > command requires scopes: ["email","openid","https://www.googleapis.com/auth/cloudplatformprojects.readonly","https://www.googleapis.com/auth/firebase","https://www.googleapis.com/auth/cloud-platform"]
[debug] [2019-11-14T06:07:58.302Z] > authorizing via signed-in user
[info] 
     ######## #### ########  ######## ########     ###     ######  ########
     ##        ##  ##     ## ##       ##     ##  ##   ##  ##       ##
     ######    ##  ########  ######   ########  #########  ######  ######
     ##        ##  ##    ##  ##       ##     ## ##     ##       ## ##
     ##       #### ##     ## ######## ########  ##     ##  ######  ########

You're about to initialize a Firebase project in this directory:

  /Users/sophiamartin/krWork/vue/sandbox

[info] 
=== Project Setup
[info] 
[info] First, let's associate this project directory with a Firebase project.
[info] You can create multiple project aliases by running firebase use --add, 
[info] but for now we'll just set up a default project.
[info] 
[debug] [2019-11-14T06:08:04.111Z] >>> HTTP REQUEST GET https://firebase.googleapis.com/v1beta1/projects?pageSize=100  
 
[debug] [2019-11-14T06:08:05.028Z] <<< HTTP RESPONSE 200
[info] i  Using project silver-argon-239208 (My First Project)
[info] 
=== Database Setup
[info] 
[info] Firebase Realtime Database Rules allow you to define how your data should be
[info] structured and when your data can be read from and written to.
[info] 
[debug] [2019-11-14T06:08:19.874Z] >>> HTTP REQUEST GET https://silver-argon-239208.firebaseio.com/.settings/rules.json  
 
[debug] [2019-11-14T06:08:21.224Z] <<< HTTP RESPONSE 200
[debug] [2019-11-14T06:08:21.550Z] Error: EISDIR: illegal operation on a directory, open '/Users/sophiamartin/krWork/vue/sandbox/dist'
    at Object.openSync (fs.js:440:3)
    at Object.writeFileSync (fs.js:1265:35)
    at Config.writeProjectFile (/usr/local/lib/node_modules/firebase-tools/lib/config.js:179:8)
    at /usr/local/lib/node_modules/firebase-tools/lib/init/features/database.js:25:23
    at processTicksAndRejections (internal/process/task_queues.js:93:5)
[error] 
[error] Error: An unexpected error has occurred.
